-------------------------------------------------------------------------------
Test set: org.vapasi.AppTest
-------------------------------------------------------------------------------
Tests run: 2, Failures: 1, Errors: 0, Skipped: 0, Time elapsed: 5.932 s <<< FAILURE! - in org.vapasi.AppTest
test1(org.vapasi.AppTest)  Time elapsed: 0.01 s  <<< FAILURE!
java.lang.AssertionError: sum doesn't match 6 expected [true] but found [false]
	at org.vapasi.AppTest.test1(AppTest.java:40)

