<?xml version="1.0" encoding="UTF-8"?>
<testsuite xmlns:xsi="http://www.w3.org/2001/XMLSchema-instance" xsi:noNamespaceSchemaLocation="https://maven.apache.org/surefire/maven-surefire-plugin/xsd/surefire-test-report.xsd" name="org.vapasi.AppTest" time="5.932" tests="2" errors="0" skipped="0" failures="1">
  <properties>
[...]
</properties>
  <testcase name="test1" classname="org.vapasi.AppTest" time="0.01">
    <failure message="sum doesn&apos;t match 6 expected [true] but found [false]" type="java.lang.AssertionError">java.lang.AssertionError: sum doesn't match 6 expected [true] but found [false]
	at org.vapasi.AppTest.test1(AppTest.java:40)
</failure>
    <system-out><![CDATA[Before Test is called
Before Class is called
Before Method is called
Printed first test in console
5
]]></system-out>
  </testcase>
  <testcase name="test2" classname="org.vapasi.AppTest" time="0.001"/>
</testsuite>