<?xml version="1.0" encoding="UTF-8"?>
<testng-results ignored="0" total="2" passed="2" failed="0" skipped="0">
  <reporter-output>
  </reporter-output>
  <suite started-at="2021-11-22T05:53:33Z" name="Surefire suite" finished-at="2021-11-22T05:54:26Z" duration-ms="53351">
    <groups>
    </groups>
    <test started-at="2021-11-22T05:53:33Z" name="Surefire test" finished-at="2021-11-22T05:54:26Z" duration-ms="53351">
      <class name="org.vapasi.test.FactoryModelAppTest">
        <test-method is-config="true" signature="setup()[pri:0, instance:org.vapasi.test.FactoryModelAppTest@4d41cee]" started-at="2021-11-22T05:54:04Z" name="setup" finished-at="2021-11-22T05:54:16Z" duration-ms="11786" status="PASS">
          <reporter-output>
          </reporter-output>
        </test-method> <!-- setup -->
        <test-method signature="addCart()[pri:0, instance:org.vapasi.test.FactoryModelAppTest@4d41cee]" started-at="2021-11-22T05:54:16Z" name="addCart" finished-at="2021-11-22T05:54:26Z" duration-ms="9526" status="PASS">
          <reporter-output>
          </reporter-output>
        </test-method> <!-- addCart -->
        <test-method is-config="true" signature="tearDown()[pri:0, instance:org.vapasi.test.FactoryModelAppTest@4d41cee]" started-at="2021-11-22T05:54:26Z" name="tearDown" finished-at="2021-11-22T05:54:26Z" duration-ms="693" status="PASS">
          <reporter-output>
          </reporter-output>
        </test-method> <!-- tearDown -->
      </class> <!-- org.vapasi.test.FactoryModelAppTest -->
      <class name="org.vapasi.test.AppTest">
        <test-method is-config="true" signature="setup()[pri:0, instance:org.vapasi.test.AppTest@17579e0f]" started-at="2021-11-22T05:53:33Z" name="setup" finished-at="2021-11-22T05:53:53Z" duration-ms="19925" status="PASS">
          <reporter-output>
          </reporter-output>
        </test-method> <!-- setup -->
        <test-method signature="addCart()[pri:0, instance:org.vapasi.test.AppTest@17579e0f]" started-at="2021-11-22T05:53:53Z" name="addCart" finished-at="2021-11-22T05:54:03Z" duration-ms="10031" status="PASS">
          <reporter-output>
          </reporter-output>
        </test-method> <!-- addCart -->
        <test-method is-config="true" signature="tearDown()[pri:0, instance:org.vapasi.test.AppTest@17579e0f]" started-at="2021-11-22T05:54:03Z" name="tearDown" finished-at="2021-11-22T05:54:04Z" duration-ms="1334" status="PASS">
          <reporter-output>
          </reporter-output>
        </test-method> <!-- tearDown -->
      </class> <!-- org.vapasi.test.AppTest -->
    </test> <!-- Surefire test -->
  </suite> <!-- Surefire suite -->
</testng-results>
